#
# A fatal error has been detected by the Java Runtime Environment:
#
#  SIGSEGV (0xb) at pc=0x00007f32d7e5645a, pid=7578, tid=7609
#
# JRE version: OpenJDK Runtime Environment (17.0.6+10) (build 17.0.6+10-Debian-1)
# Java VM: OpenJDK 64-Bit Server VM (17.0.6+10-Debian-1, mixed mode, sharing, tiered, compressed oops, compressed class ptrs, g1 gc, linux-amd64)
# Problematic frame:
# C  [libnvwgf2umx.so+0x286f45a]
#
# No core dump will be written. Core dumps have been disabled. To enable core dumping, try "ulimit -c unlimited" before starting Java again
#
# If you would like to submit a bug report, please visit:
#   https://bugs.debian.org/openjdk-17
#

---------------  S U M M A R Y ------------

Command Line: --add-modules=javafx.controls,javafx.fxml --module-path=/home/anton/.gradle/caches/modules-2/files-2.1/org.openjfx/javafx-fxml/16/c7147c450773c3d4fd038ac9d1a6fdebbc3c11e0/javafx-fxml-16-linux.jar:/home/anton/.gradle/caches/modules-2/files-2.1/org.openjfx/javafx-controls/16/116b127e512d23ddb84c62017c256e7f67f5b9eb/javafx-controls-16-linux.jar:/home/anton/.gradle/caches/modules-2/files-2.1/org.openjfx/javafx-graphics/16/1bf2fd9f083daa2f492c4c58c4f7d5acb6f4b7d/javafx-graphics-16-linux.jar:/home/anton/.gradle/caches/modules-2/files-2.1/org.openjfx/javafx-base/16/7d6b85ec89e99ea40c2a63bb1f23d43e05cd2557/javafx-base-16-linux.jar -Dfile.encoding=UTF-8 -Duser.country=US -Duser.language=en -Duser.variant ifmo.Main

Host: Intel(R) Core(TM) i9-10900K CPU @ 3.70GHz, 20 cores, 31G, Kali GNU/Linux Rolling
Time: Sun Jun  4 22:39:21 2023 MSK elapsed time: 17.765259 seconds (0d 0h 0m 17s)

---------------  T H R E A D  ---------------

Current thread is native thread

Stack: [0x00007f32d4de8000,0x00007f32d55e7000],  sp=0x00007f32d55e5e10,  free space=8183k
Native frames: (J=compiled Java code, j=interpreted, Vv=VM code, C=native code)
C  [libnvwgf2umx.so+0x286f45a]


siginfo: si_signo: 11 (SIGSEGV), si_code: 1 (SEGV_MAPERR), si_addr: 0x00007f333001c000

Registers:
RAX=0x0000000000000044, RBX=0x0000000000000000, RCX=0x00007f32d55e5e18, RDX=0x0000000000000000
RSP=0x00007f32d55e5e10, RBP=0x0000000000000000, RSI=0x00007f32e01ee490, RDI=0x00007f32e016d100
R8 =0x0000000000000007, R9 =0x00007f32d0000b70, R10=0x283622af4b8441d0, R11=0x0000000000000001
R12=0x00007f32e01ee401, R13=0x00007f333001c000, R14=0x00007f32e016d208, R15=0x00007f32d55e5e86
RIP=0x00007f32d7e5645a, EFLAGS=0x0000000000010246, CSGSFS=0x002b000000000033, ERR=0x0000000000000004
  TRAPNO=0x000000000000000e

Top of Stack: (sp=0x00007f32d55e5e10)
0x00007f32d55e5e10:   00000000647ce869 000000000008fa70
0x00007f32d55e5e20:   00007f32e016d100 000000000008d311
0x00007f32d55e5e30:   00007f32e01ee490 00007f32d55e5e18
0x00007f32d55e5e40:   00007f32d55e5e87 00007f32e016d100 

Instructions: (pc=0x00007f32d7e5645a)
0x00007f32d7e5635a:   60 48 83 ec